<?xml version="1.0" encoding="UTF-8"?>
<!-- Generated by org.testng.reporters.JUnitReportReporter -->
<testsuite skipped="0" hostname="gonyebuchi-IBTU" name="action.login" tests="1" failures="0" timestamp="2020-09-17T00:41:24 WAT" time="34.530" errors="0">
  <testcase name="loginUser" time="34.530" classname="action.login"/>
</testsuite> <!-- action.login -->
